Построение начато 05.05.2017 1:40:53.
     1>Проект "C:\Users\medifh\Documents\GitHub\OOPcpp\1task\sk\sk.vcxproj" в узле 2 (целевые объекты build).
     1>InitializeBuildStatus:
         Создание "Debug\sk.unsuccessfulbuild", так как было задано "AlwaysCreate".
       ClCompile:
         C:\Program Files (x86)\Microsoft Visual Studio 10.0\VC\bin\CL.exe /c /ZI /nologo /W3 /WX- /Od /Oy- /D _MBCS /Gm /EHsc /RTC1 /MDd /GS /fp:precise /Zc:wchar_t /Zc:forScope /Fo"Debug\\" /Fd"Debug\vc100.pdb" /Gd /TP /analyze- /errorReport:prompt sk.cpp
         sk.cpp
     1>c:\users\medifh\documents\github\oopcpp\1task\sk\conteiner.h(68): warning C4715: Conteiner<int>::GetHead: значение возвращается не при всех путях выполнения
     1>c:\users\medifh\documents\github\oopcpp\1task\sk\conteiner.h(75): warning C4715: Conteiner<int>::GetTail: значение возвращается не при всех путях выполнения
       Link:
         C:\Program Files (x86)\Microsoft Visual Studio 10.0\VC\bin\link.exe /ERRORREPORT:PROMPT /OUT:"C:\Users\medifh\Documents\GitHub\OOPcpp\1task\Debug\sk.exe" /NOLOGO kernel32.lib user32.lib gdi32.lib winspool.lib comdlg32.lib advapi32.lib shell32.lib ole32.lib oleaut32.lib uuid.lib odbc32.lib odbccp32.lib /MANIFEST /ManifestFile:"Debug\sk.exe.intermediate.manifest" /MANIFESTUAC:"level='asInvoker' uiAccess='false'" /DEBUG /PDB:"C:\Users\medifh\Documents\GitHub\OOPcpp\1task\Debug\sk.pdb" /TLBID:1 /DYNAMICBASE /NXCOMPAT /IMPLIB:"C:\Users\medifh\Documents\GitHub\OOPcpp\1task\Debug\sk.lib" /MACHINE:X86 Debug\sk.obj
         LINK : не найден или не выполнена сборка C:\Users\medifh\Documents\GitHub\OOPcpp\1task\Debug\sk.exe при последней инкрементной компоновке; выполняется полная компоновка
         sk.vcxproj -> C:\Users\medifh\Documents\GitHub\OOPcpp\1task\Debug\sk.exe
       Manifest:
         C:\Program Files (x86)\Microsoft SDKs\Windows\v7.0A\bin\mt.exe /nologo /verbose /outputresource:"C:\Users\medifh\Documents\GitHub\OOPcpp\1task\Debug\sk.exe;#1" /manifest Debug\sk.exe.intermediate.manifest
       FinalizeBuildStatus:
         Файл "Debug\sk.unsuccessfulbuild" удаляется.
         Обращение к "Debug\sk.lastbuildstate".
     1>Построение проекта "C:\Users\medifh\Documents\GitHub\OOPcpp\1task\sk\sk.vcxproj" завершено (целевые объекты build).

Построение успешно завершено.

Затраченное время: 00:00:06.46
