Построение начато 05.05.2017 3:08:42.
     1>Проект "C:\Users\medifh\Desktop\задачки\6сем\OOPcpp\OOPcpp\OOPcpp.vcxproj" в узле 2 (целевые объекты build).
     1>PrepareForBuild:
         Создание каталога "C:\Users\medifh\Desktop\задачки\6сем\OOPcpp\Debug\".
       InitializeBuildStatus:
         Создание "Debug\OOPcpp.unsuccessfulbuild", так как было задано "AlwaysCreate".
       ClCompile:
         C:\Program Files (x86)\Microsoft Visual Studio 10.0\VC\bin\CL.exe /c /ZI /nologo /W3 /WX- /Od /Oy- /D _MBCS /Gm /EHsc /RTC1 /MDd /GS /fp:precise /Zc:wchar_t /Zc:forScope /Fo"Debug\\" /Fd"Debug\vc100.pdb" /Gd /TP /analyze- /errorReport:prompt OOPcpp.cpp
         OOPcpp.cpp
     1>c:\users\medifh\desktop\задачки\6сем\oopcpp\oopcpp\conteiner.h(68): warning C4715: Conteiner<int>::GetHead: значение возвращается не при всех путях выполнения
     1>c:\users\medifh\desktop\задачки\6сем\oopcpp\oopcpp\conteiner.h(75): warning C4715: Conteiner<int>::GetTail: значение возвращается не при всех путях выполнения
       Link:
         C:\Program Files (x86)\Microsoft Visual Studio 10.0\VC\bin\link.exe /ERRORREPORT:PROMPT /OUT:"C:\Users\medifh\Desktop\задачки\6сем\OOPcpp\Debug\OOPcpp.exe" /NOLOGO kernel32.lib user32.lib gdi32.lib winspool.lib comdlg32.lib advapi32.lib shell32.lib ole32.lib oleaut32.lib uuid.lib odbc32.lib odbccp32.lib /MANIFEST /ManifestFile:"Debug\OOPcpp.exe.intermediate.manifest" /MANIFESTUAC:"level='asInvoker' uiAccess='false'" /DEBUG /PDB:"C:\Users\medifh\Desktop\задачки\6сем\OOPcpp\Debug\OOPcpp.pdb" /TLBID:1 /DYNAMICBASE /NXCOMPAT /IMPLIB:"C:\Users\medifh\Desktop\задачки\6сем\OOPcpp\Debug\OOPcpp.lib" /MACHINE:X86 Debug\OOPcpp.obj
         OOPcpp.vcxproj -> C:\Users\medifh\Desktop\задачки\6сем\OOPcpp\Debug\OOPcpp.exe
       Manifest:
         C:\Program Files (x86)\Microsoft SDKs\Windows\v7.0A\bin\mt.exe /nologo /verbose /outputresource:"C:\Users\medifh\Desktop\задачки\6сем\OOPcpp\Debug\OOPcpp.exe;#1" /manifest Debug\OOPcpp.exe.intermediate.manifest
       FinalizeBuildStatus:
         Файл "Debug\OOPcpp.unsuccessfulbuild" удаляется.
         Обращение к "Debug\OOPcpp.lastbuildstate".
     1>Построение проекта "C:\Users\medifh\Desktop\задачки\6сем\OOPcpp\OOPcpp\OOPcpp.vcxproj" завершено (целевые объекты build).

Построение успешно завершено.

Затраченное время: 00:00:07.58
